2018/02/26 18:24:36 [error] 3615#3615: *26 FastCGI sent in stderr: "PHP message: PHP Notice:  Undefined variable: rows in /app/web/index.php on line 56
PHP message: PHP Stack trace:
PHP message: PHP   1. {main}() /app/web/index.php:0
PHP message: PHP Notice:  Undefined variable: rows in /app/web/index.php on line 56
PHP message: PHP Stack trace:
PHP message: PHP   1. {main}() /app/web/index.php:0
PHP message: PHP Notice:  Undefined variable: rows in /app/web/index.php on line 57
PHP message: PHP Stack trace:
PHP message: PHP   1. {main}() /app/web/index.php:0
PHP message: PHP Notice:  Undefined variable: rows in /app/web/index.php on line 57
PHP message: PHP Stack trace:
PHP message: PHP   1. {main}() /app/web/index.php:0
PHP message: PHP Notice:  Undefined variable: rows in /app/web/index.php on line 58
PHP message: PHP Stack trace:
PHP message: PHP   1. {main}() /app/web/index.php:0
PHP message: PHP Notice:  Undefined variable: rows in /app/web/index.php on line 58
PHP message: PHP Stack trace:
PHP message: PHP   1. {main}() /app/web/index.php:0" while reading response header from upstream, client: 192.168.83.1, server: invoice.dev, request: "GET /invoice/index HTTP/1.1", upstream: "fastcgi://unix:/var/run/php/php7.0-fpm.sock:", host: "invoice.dev", referrer: "http://invoice.dev/invoice/view?id=1"
2018/02/26 18:24:41 [error] 3615#3615: *26 FastCGI sent in stderr: "PHP message: PHP Notice:  Undefined variable: rows in /app/web/index.php on line 56
PHP message: PHP Stack trace:
PHP message: PHP   1. {main}() /app/web/index.php:0
PHP message: PHP Notice:  Undefined variable: rows in /app/web/index.php on line 56
PHP message: PHP Stack trace:
PHP message: PHP   1. {main}() /app/web/index.php:0
PHP message: PHP Notice:  Undefined variable: rows in /app/web/index.php on line 57
PHP message: PHP Stack trace:
PHP message: PHP   1. {main}() /app/web/index.php:0
PHP message: PHP Notice:  Undefined variable: rows in /app/web/index.php on line 57
PHP message: PHP Stack trace:
PHP message: PHP   1. {main}() /app/web/index.php:0
PHP message: PHP Notice:  Undefined variable: rows in /app/web/index.php on line 58
PHP message: PHP Stack trace:
PHP message: PHP   1. {main}() /app/web/index.php:0
PHP message: PHP Notice:  Undefined variable: rows in /app/web/index.php on line 58
PHP message: PHP Stack trace:
PHP message: PHP   1. {main}() /app/web/index.php:0" while reading response header from upstream, client: 192.168.83.1, server: invoice.dev, request: "GET /invoice/view?id=1 HTTP/1.1", upstream: "fastcgi://unix:/var/run/php/php7.0-fpm.sock:", host: "invoice.dev", referrer: "http://invoice.dev/invoice/index"
2018/02/26 18:24:44 [error] 3615#3615: *26 FastCGI sent in stderr: "PHP message: PHP Notice:  Undefined variable: rows in /app/web/index.php on line 56
PHP message: PHP Stack trace:
PHP message: PHP   1. {main}() /app/web/index.php:0
PHP message: PHP Notice:  Undefined variable: rows in /app/web/index.php on line 56
PHP message: PHP Stack trace:
PHP message: PHP   1. {main}() /app/web/index.php:0
PHP message: PHP Notice:  Undefined variable: rows in /app/web/index.php on line 57
PHP message: PHP Stack trace:
PHP message: PHP   1. {main}() /app/web/index.php:0
PHP message: PHP Notice:  Undefined variable: rows in /app/web/index.php on line 57
PHP message: PHP Stack trace:
PHP message: PHP   1. {main}() /app/web/index.php:0
PHP message: PHP Notice:  Undefined variable: rows in /app/web/index.php on line 58
PHP message: PHP Stack trace:
PHP message: PHP   1. {main}() /app/web/index.php:0
PHP message: PHP Notice:  Undefined variable: rows in /app/web/index.php on line 58
PHP message: PHP Stack trace:
PHP message: PHP   1. {main}() /app/web/index.php:0" while reading response header from upstream, client: 192.168.83.1, server: invoice.dev, request: "GET / HTTP/1.1", upstream: "fastcgi://unix:/var/run/php/php7.0-fpm.sock:", host: "invoice.dev"
2018/02/26 18:24:48 [error] 3615#3615: *26 FastCGI sent in stderr: "PHP message: PHP Notice:  Undefined variable: rows in /app/web/index.php on line 56
PHP message: PHP Stack trace:
PHP message: PHP   1. {main}() /app/web/index.php:0
PHP message: PHP Notice:  Undefined variable: rows in /app/web/index.php on line 56
PHP message: PHP Stack trace:
PHP message: PHP   1. {main}() /app/web/index.php:0
PHP message: PHP Notice:  Undefined variable: rows in /app/web/index.php on line 57
PHP message: PHP Stack trace:
PHP message: PHP   1. {main}() /app/web/index.php:0
PHP message: PHP Notice:  Undefined variable: rows in /app/web/index.php on line 57
PHP message: PHP Stack trace:
PHP message: PHP   1. {main}() /app/web/index.php:0
PHP message: PHP Notice:  Undefined variable: rows in /app/web/index.php on line 58
PHP message: PHP Stack trace:
PHP message: PHP   1. {main}() /app/web/index.php:0
PHP message: PHP Notice:  Undefined variable: rows in /app/web/index.php on line 58
PHP message: PHP Stack trace:
PHP message: PHP   1. {main}() /app/web/index.php:0" while reading response header from upstream, client: 192.168.83.1, server: invoice.dev, request: "GET / HTTP/1.1", upstream: "fastcgi://unix:/var/run/php/php7.0-fpm.sock:", host: "invoice.dev"
2018/02/26 18:25:38 [error] 3615#3615: *32 FastCGI sent in stderr: "PHP message: PHP Notice:  Undefined variable: rows in /app/web/index.php on line 56
PHP message: PHP Stack trace:
PHP message: PHP   1. {main}() /app/web/index.php:0
PHP message: PHP Notice:  Undefined variable: rows in /app/web/index.php on line 56
PHP message: PHP Stack trace:
PHP message: PHP   1. {main}() /app/web/index.php:0
PHP message: PHP Notice:  Undefined variable: rows in /app/web/index.php on line 57
PHP message: PHP Stack trace:
PHP message: PHP   1. {main}() /app/web/index.php:0
PHP message: PHP Notice:  Undefined variable: rows in /app/web/index.php on line 57
PHP message: PHP Stack trace:
PHP message: PHP   1. {main}() /app/web/index.php:0
PHP message: PHP Notice:  Undefined variable: rows in /app/web/index.php on line 58
PHP message: PHP Stack trace:
PHP message: PHP   1. {main}() /app/web/index.php:0
PHP message: PHP Notice:  Undefined variable: rows in /app/web/index.php on line 58
PHP message: PHP Stack trace:
PHP message: PHP   1. {main}() /app/web/index.php:0" while reading response header from upstream, client: 192.168.83.1, server: invoice.dev, request: "GET / HTTP/1.1", upstream: "fastcgi://unix:/var/run/php/php7.0-fpm.sock:", host: "invoice.dev"
2018/02/27 07:02:08 [error] 2025#2025: *1 FastCGI sent in stderr: "PHP message: PHP Notice:  Undefined variable: rows in /app/web/index.php on line 56
PHP message: PHP Stack trace:
PHP message: PHP   1. {main}() /app/web/index.php:0
PHP message: PHP Notice:  Undefined variable: rows in /app/web/index.php on line 56
PHP message: PHP Stack trace:
PHP message: PHP   1. {main}() /app/web/index.php:0
PHP message: PHP Notice:  Undefined variable: rows in /app/web/index.php on line 57
PHP message: PHP Stack trace:
PHP message: PHP   1. {main}() /app/web/index.php:0
PHP message: PHP Notice:  Undefined variable: rows in /app/web/index.php on line 57
PHP message: PHP Stack trace:
PHP message: PHP   1. {main}() /app/web/index.php:0
PHP message: PHP Notice:  Undefined variable: rows in /app/web/index.php on line 58
PHP message: PHP Stack trace:
PHP message: PHP   1. {main}() /app/web/index.php:0
PHP message: PHP Notice:  Undefined variable: rows in /app/web/index.php on line 58
PHP message: PHP Stack trace:
PHP message: PHP   1. {main}() /app/web/index.php:0" while reading response header from upstream, client: 192.168.83.1, server: invoice.dev, request: "GET / HTTP/1.1", upstream: "fastcgi://unix:/var/run/php/php7.0-fpm.sock:", host: "invoice.dev"
2018/02/27 13:08:55 [error] 2540#2540: *112 FastCGI sent in stderr: "PHP message: PHP Fatal error:  Cannot redeclare app\controllers\InvoiceController::actionUpdate() in /app/controllers/InvoiceController.php on line 95
PHP message: PHP Stack trace:
PHP message: PHP   1. {main}() /app/web/index.php:0
PHP message: PHP   2. yii\base\Application->run() /app/web/index.php:12
PHP message: PHP   3. yii\web\Application->handleRequest() /app/vendor/yiisoft/yii2/base/Application.php:386
PHP message: PHP   4. yii\base\Module->runAction() /app/vendor/yiisoft/yii2/web/Application.php:103
PHP message: PHP   5. yii\base\Module->createController() /app/vendor/yiisoft/yii2/base/Module.php:522
PHP message: PHP   6. yii\base\Module->createControllerByID() /app/vendor/yiisoft/yii2/base/Module.php:596
PHP message: PHP   7. class_exists() /app/vendor/yiisoft/yii2/base/Module.php:637
PHP message: PHP   8. spl_autoload_call() /app/vendor/yiisoft/yii2/base/Module.php:637
PHP message: PHP   9. yii\BaseYii::autoload() /app/vendor/yiisoft/yii2/base/Module.php:637" while reading response header from upstream, client: 192.168.83.1, server: invoice.dev, request: "POST /invoice/index HTTP/1.1", upstream: "fastcgi://unix:/var/run/php/php7.0-fpm.sock:", host: "invoice.dev", referrer: "http://invoice.dev/invoice/index"
2018/02/27 13:09:14 [error] 2540#2540: *114 FastCGI sent in stderr: "PHP message: PHP Fatal error:  Cannot redeclare app\controllers\InvoiceController::actionUpdate() in /app/controllers/InvoiceController.php on line 95
PHP message: PHP Stack trace:
PHP message: PHP   1. {main}() /app/web/index.php:0
PHP message: PHP   2. yii\base\Application->run() /app/web/index.php:12
PHP message: PHP   3. yii\web\Application->handleRequest() /app/vendor/yiisoft/yii2/base/Application.php:386
PHP message: PHP   4. yii\base\Module->runAction() /app/vendor/yiisoft/yii2/web/Application.php:103
PHP message: PHP   5. yii\base\Module->createController() /app/vendor/yiisoft/yii2/base/Module.php:522
PHP message: PHP   6. yii\base\Module->createControllerByID() /app/vendor/yiisoft/yii2/base/Module.php:596
PHP message: PHP   7. class_exists() /app/vendor/yiisoft/yii2/base/Module.php:637
PHP message: PHP   8. spl_autoload_call() /app/vendor/yiisoft/yii2/base/Module.php:637
PHP message: PHP   9. yii\BaseYii::autoload() /app/vendor/yiisoft/yii2/base/Module.php:637" while reading response header from upstream, client: 192.168.83.1, server: invoice.dev, request: "POST /invoice/index HTTP/1.1", upstream: "fastcgi://unix:/var/run/php/php7.0-fpm.sock:", host: "invoice.dev", referrer: "http://invoice.dev/invoice/index"
